<?xml version="1.0" encoding="UTF-8"?>
<!-- Generated by org.testng.reporters.JUnitReportReporter -->
<testsuite skipped="0" hostname="Sys" name="execution.Github_Login_Page" tests="1" failures="0" timestamp="2020-12-26T13:21:01 IST" time="16.414" errors="0">
  <testcase name="prfg" time="16.414" classname="execution.Github_Login_Page"/>
  <system-out/>
</testsuite> <!-- execution.Github_Login_Page -->
