<?xml version="1.0" encoding="UTF-8"?>
<!-- Generated by org.testng.reporters.JUnitReportReporter -->
<testsuite skipped="0" hostname="Sys" name="execution.GithubLogin" tests="1" failures="0" timestamp="2020-12-25T14:34:45 IST" time="24.203" errors="0">
  <testcase name="GithubLoginpage" time="24.203" classname="execution.GithubLogin"/>
  <system-out/>
</testsuite> <!-- execution.GithubLogin -->
